<?xml version="1.0" encoding="UTF-8"?>
<!-- Generated by org.testng.reporters.JUnitReportReporter -->
<testsuite hostname="softraw-H310M-H-2-0" failures="0" tests="1" name="dev_env.Overlay_Dev_Env" time="117.188" errors="0" timestamp="2022-05-19T19:01:24 IST" skipped="0">
  <testcase classname="dev_env.Overlay_Dev_Env" name="screen" time="117.188"/>
  <system-out/>
</testsuite> <!-- dev_env.Overlay_Dev_Env -->
