<?xml version="1.0" encoding="UTF-8"?>
<!-- Generated by org.testng.reporters.JUnitReportReporter -->
<testsuite hostname="softraw-H310M-H-2-0" failures="0" tests="1" name="Distribution.StgDistribution" time="133.581" errors="0" timestamp="2022-05-19T17:42:43 IST" skipped="0">
  <testcase classname="Distribution.StgDistribution" name="screen" time="133.581"/>
  <system-out/>
</testsuite> <!-- Distribution.StgDistribution -->
