<?xml version="1.0" encoding="UTF-8"?>
<!-- Generated by org.testng.reporters.JUnitReportReporter -->
<testsuite hostname="softraw-H310M-H-2-0" failures="0" tests="1" name="staging_env.Video_Stg_Env" time="146.547" errors="0" timestamp="2022-05-19T19:01:24 IST" skipped="0">
  <testcase classname="staging_env.Video_Stg_Env" name="screen" time="146.547"/>
  <system-out/>
</testsuite> <!-- staging_env.Video_Stg_Env -->
